Building DAG of jobs...
Using shell: /usr/bin/bash
Provided cores: 4
Rules claiming more threads will be scaled down.
Conda environments: ignored
Job stats:
job        count
-------  -------
results        1
total          1

Select jobs to execute...

[Thu Nov 30 22:04:57 2023]
rule results:
    input: annot/contig/prueba_contigs.gbk, viralmap/contig/prueba_mapped2virus_sorted.bam, annot/cluster/prueba_contigs.gbk, viralmap/cluster/prueba_mapped2virus_sorted.bam
    output: results/contig/prueba_ref_genome_maps.csv, results/cluster/prueba_ref_genome_maps.csv
    jobid: 0
    reason: Missing output files: results/contig/prueba_ref_genome_maps.csv
    wildcards: sample=prueba
    resources: tmpdir=/tmp

[Thu Nov 30 22:04:58 2023]
Finished job 0.
1 of 1 steps (100%) done
Complete log: .snakemake/log/2023-11-30T220457.246620.snakemake.log
