Building DAG of jobs...
Using shell: /usr/bin/bash
Provided cores: 4
Rules claiming more threads will be scaled down.
Conda environments: ignored
Job stats:
job             count
------------  -------
plot_results        1
results             1
total               2

Select jobs to execute...

[Thu Nov 30 22:17:15 2023]
rule results:
    input: annot/contig/prueba_contigs.gbk, viralmap/contig/prueba_mapped2virus_sorted.bam, annot/cluster/prueba_contigs.gbk, viralmap/cluster/prueba_mapped2virus_sorted.bam
    output: results/contig/prueba_aln.csv, results/cluster/prueba_aln.csv
    jobid: 1
    reason: Missing output files: results/contig/prueba_aln.csv, results/cluster/prueba_aln.csv
    wildcards: sample=prueba
    resources: tmpdir=/tmp

[Thu Nov 30 22:17:16 2023]
Finished job 1.
1 of 2 steps (50%) done
Select jobs to execute...

[Thu Nov 30 22:17:16 2023]
rule plot_results:
    input: results/contig/prueba_aln.csv, results/cluster/prueba_aln.csv
    log: prueba_log.a
    jobid: 0
    reason: Rules with a run or shell declaration but no output are always executed.
    wildcards: sample=prueba
    resources: tmpdir=/tmp

[Thu Nov 30 22:17:27 2023]
Finished job 0.
2 of 2 steps (100%) done
Complete log: .snakemake/log/2023-11-30T221715.471916.snakemake.log
