Building DAG of jobs...
Using shell: /usr/bin/bash
Provided cores: 4
Rules claiming more threads will be scaled down.
Conda environments: ignored
Job stats:
job        count
-------  -------
results        1
total          1

Select jobs to execute...

[Thu Nov 30 15:05:26 2023]
rule results:
    input: annot/contig/prueba_contigs.gbk, viralmap/contig/prueba_mapped2virus_sorted.bam, annot/cluster/prueba_contigs.gbk, viralmap/cluster/prueba_mapped2virus_sorted.bam
    output: results/contig/prueba_ref_genome_maps.csv, results/cluster/prueba_ref_genome_maps.csv
    jobid: 0
    reason: Missing output files: results/contig/prueba_ref_genome_maps.csv
    wildcards: sample=prueba
    resources: tmpdir=/tmp

Waiting at most 60 seconds for missing files.
Terminating processes on user request, this might take some time.
Complete log: .snakemake/log/2023-11-30T150526.319959.snakemake.log
